<?xml version="1.0" encoding="UTF-8"?>
<testng-results ignored="0" total="1" passed="1" failed="0" skipped="0">
  <reporter-output>
  </reporter-output>
  <suite started-at="2021-08-26T12:16:09 EEST" name="Default suite" finished-at="2021-08-26T12:16:26 EEST" duration-ms="16522">
    <groups>
    </groups>
    <test started-at="2021-08-26T12:16:09 EEST" name="Default test" finished-at="2021-08-26T12:16:26 EEST" duration-ms="16522">
      <class name="com.DeviceTesting.DeviceTest">
        <test-method is-config="true" signature="setup()[pri:0, instance:com.DeviceTesting.DeviceTest@68c72235]" started-at="2021-08-26T12:16:09 EEST" name="setup" finished-at="2021-08-26T12:16:10 EEST" duration-ms="67" status="PASS">
          <reporter-output>
          </reporter-output>
        </test-method> <!-- setup -->
        <test-method signature="getAllInterfacesTest()[pri:0, instance:com.DeviceTesting.DeviceTest@68c72235]" started-at="2021-08-26T12:16:10 EEST" name="getAllInterfacesTest" finished-at="2021-08-26T12:16:26 EEST" duration-ms="16434" status="PASS">
          <reporter-output>
          </reporter-output>
        </test-method> <!-- getAllInterfacesTest -->
      </class> <!-- com.DeviceTesting.DeviceTest -->
    </test> <!-- Default test -->
  </suite> <!-- Default suite -->
</testng-results>
